A51 MACRO ASSEMBLER  MAIN                                                                 05/05/2024 23:43:50 PAGE     1


MACRO ASSEMBLER A51 V8.2.7.0
OBJECT MODULE PLACED IN .\Objects\main.obj
ASSEMBLER INVOKED BY: D:\software\Keil_v5\C51\BIN\A51.EXE main.a51 SET(SMALL) DEBUG PRINT(.\Listings\main.lst) OBJECT(.\
                      Objects\main.obj) EP

LOC  OBJ            LINE     SOURCE

0000                   1         ORG 0000H
0000 020030            2         LJMP MAIN
0030                   3         ORG 0030H
0030                   4     MAIN:
0030 7907              5         MOV R1, #7
0032 74FF              6         MOV A, #0FFH
0034                   7     LOOP:
0034 02003F            8         LJMP DELAY;ssklakl
0037                   9     CPLP:
0037 F4               10         CPL A
0038 F5A0             11         MOV P2, A
003A D9F8             12         DJNZ R1, LOOP
003C                  13     OVERLOOP:
003C 00               14         NOP
003D 013C             15         AJMP OVERLOOP
003F                  16     DELAY:
003F 7C14             17         MOV R4, #20
0041                  18     LOOP0:
0041 7AC8             19         MOV R2, #200
0043                  20     LOOP1:
0043 7B64             21         MOV R3, #100
0045                  22     LOOP2:
0045 DBFE             23         DJNZ R3, $
0047                  24     LOOP3:
0047 DAFA             25         DJNZ R2, LOOP1
0049 DCF6             26         DJNZ R4, LOOP0
004B 020037           27         LJMP CPLP
                      28         END
A51 MACRO ASSEMBLER  MAIN                                                                 05/05/2024 23:43:50 PAGE     2

SYMBOL TABLE LISTING
------ ----- -------


N A M E             T Y P E  V A L U E   ATTRIBUTES

CPLP . . . . . . .  C ADDR   0037H   A   
DELAY. . . . . . .  C ADDR   003FH   A   
LOOP . . . . . . .  C ADDR   0034H   A   
LOOP0. . . . . . .  C ADDR   0041H   A   
LOOP1. . . . . . .  C ADDR   0043H   A   
LOOP2. . . . . . .  C ADDR   0045H   A   
LOOP3. . . . . . .  C ADDR   0047H   A   
MAIN . . . . . . .  C ADDR   0030H   A   
OVERLOOP . . . . .  C ADDR   003CH   A   
P2 . . . . . . . .  D ADDR   00A0H   A   


REGISTER BANK(S) USED: 0 


ASSEMBLY COMPLETE.  0 WARNING(S), 0 ERROR(S)
